 <><><><><><><><><><><><><><><><><><><><><><><><><><><><><><><><><><><><><><><>

      VV           VV      AAA          MMM         MMM     PPPPPPP  
     VVVV         VVVV    AAAAA        MMMMMM     MMMMMM    PPP  PPP 
      VVV         VVV    AAA AAA       MMM MMM   MMM MMM    PPP   PPP
       VVV       VVV    AAA   AAA      MMM  MMM MMM  MMM    PPP  PPP 
        VVV     VVV    AAA     AAA     MMM   MMMMM   MMM    PPPPPPP  
         VVV   VVV    AAAAAAAAAAAAA    MMM           MMM    PPP      
          VVV VVV    AAA         AAA   MMM           MMM    PPP      
           VVVVV    AAAA         AAAA MMMMM         MMMMM  PPPPP     

       Version VAMP 10.0                   build: May 05 2016

  T.Clark, A.Alex, B.Beck, F.Burkhardt, J.Chandrasekhar, P.Gedeck, A.Horn,
  M. Hutter, B. Martin, G. Rauhut, W. Sauer, T. Schindler, and T. Steinke, 
  Erlangen 2003

                    Memory is allocated dynamically.

This version provided as part of Materials Studio 2017            
Copyright (c) 2016, Dassault Systemes, all rights reserved.

          Started at:  02.10.2019 - 10:53:26   on DESKTOP-5CQNRD0 (WIN32)
 
 <><><><><><><><><><><><><><><><><><><><><><><><><><><><><><><><><><><><><><><>

                             AM1 Calculation Results


              Parameters read from VAMP Hamiltonian definition file :

          Materials Studio 4.4 - 2008-12 : Date 12.27.08(TC)                              

               AM1 is parameterized for the following Elements: 

                 H  B  C  N  O  F  Na Mg Al Si P  S  Cl K  Zn
                 Ga Ge As Se Br Rb Mo In Sn Sb Te I  Cs Hg Tl
                 Pb Bi
 
 
  Note : Dependent parametrization variables
         for ALL elements are  recalculated !
 
 <><><><><><><><><><><><><><><><><><><><><><><><><><><><><><><><><><><><><><><>
 <> VECTORS  - Output final frontier (+/- 8) orbitals
 <> BONDS    - Final bond-order matrix to be printed
 <> GEO-OK   - Override interatomic distance check
 <> NUMCI    - Use numerical C.I. derivatives
 <> MULLIK   - The Mulliken analysis to be performed
 <> VESPA    - Calculate ESP charges
 <> MULTIPOLE- Use atomic multipoles to calculate electrostatics
 <>  XYZ     - Cartesian coordinate system to be used
 <>  T=      - A TIME of  0.864E+06 seconds requested
 <> DUMP=N   - Restart file written every  1800.0 seconds
 <> AM1      - The AM1 Hamiltonian to be used
 <> NOINTER  - Interatomic distances not to be printed
 <> SCFCRT   - Default SCF criterion replaced by   0.500E-06
 <> EF       - use the EF optimizer
 <> DMAX=n.n - Set DMAX to n.n in EF
 <> GNORM=   - Optimization ends when gradient norm below    0.100
 <> ITRY=    - Do a maximum of   500 iterations for SCF
 <> C.I.=N   -  6 M.O.s to be used in C.I.
 <> LEV-OK   - Override C.I. energy level degeneracy check
 <><><><><><><><><><><><><><><><><><><><><><><><><><><><><><><><><><><><><><><>
 EF GNORM=0.1000 DMAX=0.2000 XYZ AM1 C.I.=6 NUMCI SCFCRT=0.0000005000 ITRY=500 +
 LEV-OK GEO-OK T=10D VECTORS NOINTER MULLIK BONDS VESPA MULTIPOLE
 cinnamate.new
 VAMP input file created by Materials Studio

      Atom   Atomic     Bond Length     Bond Angle    Twist Angle
     Number  Symbol     (Angstroms)      (degrees)     (degrees)

        1     C 
        2     C          1.54155 #                                   1
        3     C          1.54019 #      120.00543 #                  2   1
        4     C          1.53879 #      120.07606 #   358.91668 #    3   2   1
        5     C          1.53796 #      119.89491 #     0.94102 #    4   3   2
        6     C          1.53796 #      120.10363 #     0.16261 #    5   4   3
        7     C          1.53724 #      118.95689 #   176.77860 #    6   5   4
        8     C          1.53819 #      102.79589 #   357.79673 #    7   6   5
        9     C          1.53704 #      114.10613 #   183.15474 #    8   7   6
       10     O          1.50851 #      105.15194 #   180.36380 #    9   8   7
       11     C          1.50680 #      111.62132 #   185.14703 #   10   9   8
       12     C          1.54088 #      109.35818 #   180.48734 #   11  10   9
       13     C          1.53692 #      108.00748 #   180.40797 #   12  11  10
       14     C          1.53940 #      109.50733 #   177.76134 #   13  12  11
       15     C          1.53977 #      107.83078 #   183.00129 #   14  13  12
       16     C          1.53832 #      110.42748 #   177.17251 #   15  14  13
       17     C          1.53845 #      108.51222 #   181.90550 #   16  15  14
       18     C          1.53882 #      109.85533 #   178.66865 #   17  16  15
       19     O          1.50942 #      120.11539 #   178.77791 #    3   2   1
       20     C          1.50906 #      108.86948 #     1.88513 #   19   3   2
       21     O          1.50961 #      111.24221 #   299.51866 #    9   8   7
       22     C          1.54266 #      112.06378 #   298.89877 #   12  11  10
       23     C          1.54045 #      111.82102 #    62.90440 #   22  12  11
       24     H          1.14011 *      120.04293 #   180.67636 #    1   2   3
       25     H          1.14002 *      120.04259 #   179.60242 #    2   1   3
       26     H          1.14025 *      120.11804 #   180.66838 #    4   3   2
       27     H          1.14011 *      119.95974 #   179.53935 #    5   4   3
       28     H          1.14010 *      111.42305 #   116.38617 #    7   6   5
       29     H          1.14003 *      108.25336 #   303.56155 #    8   7   6
       30     H          1.14008 *      109.92738 #    61.61386 #    9   8   7
       31     H          1.13992 *      109.60875 #    60.71308 #   11  10   9
       32     H          1.14009 *      109.57319 #   300.57049 #   11  10   9
       33     H          1.14002 *      109.92021 #    60.62884 #   12  11  10
       34     H          1.14000 *      108.79155 #    58.71022 #   13  12  11
       35     H          1.13994 *      110.03780 #   298.85219 #   13  12  11
       36     H          1.14020 *      110.53382 #    62.34556 #   14  13  12
       37     H          1.14021 *      109.09688 #   301.88020 #   14  13  12
       38     H          1.13996 *      109.00050 #    57.87940 #   15  14  13
       39     H          1.14005 *      109.77079 #   298.11401 #   15  14  13
       40     H          1.13995 *      109.97684 #    61.65191 #   16  15  14
       41     H          1.13987 *      109.45438 #   300.98289 #   16  15  14
       42     H          1.14001 *      109.17644 #    58.83995 #   17  16  15
       43     H          1.13986 *      109.31278 #   298.92288 #   17  16  15
       44     H          1.13993 *      109.36447 #    60.14339 #   18  17  16
       45     H          1.13995 *      109.18340 #   300.18740 #   18  17  16
       46     H          1.14008 *      109.41786 #   180.23722 #   18  17  16
       47     H          1.13979 *      109.41768 #   180.40692 #   20  19   3
       48     H          1.13981 *      109.36011 #    60.32865 #   20  19   3
       49     H          1.13982 *      109.37037 #   300.49393 #   20  19   3
       50     H          1.13988 *      109.18359 #   301.55230 #   22  12  11
       51     H          1.14028 *      108.47807 #   182.70879 #   22  12  11
       52     H          1.14002 *      109.58173 #    58.28320 #   23  22  12
       53     H          1.13935 *      110.06892 #   297.68593 #   23  22  12
       54     H          1.13996 *      109.15796 #   178.05638 #   23  22  12


 <> Cartesian Coordinates


 No. Atom      x        y        z      No. Atom      x        y        z

   1    6    0.0000   0.0000   0.0000     2    6    1.5416   0.0000   0.0000
   3    6    2.3118   1.3338   0.0000     4    6    1.5445   2.6674  -0.0252
   5    6    0.0065   2.6669  -0.0285     6    6   -0.7645   1.3365  -0.0028
   7    6   -2.2998   1.3672   0.0688     8    6   -2.6068   2.8722   0.1525
   9    6   -4.0998   3.2003   0.3134    10    8   -4.1693   4.7063   0.3640
  11    6   -5.5687   5.1884   0.6462    12    6   -5.5823   6.7289   0.6743
  13    6   -7.0188   7.1860   0.9739    14    6   -7.0609   8.7221   1.0656
  15    6   -8.4966   9.1329   1.4408    16    6   -8.5898  10.6581   1.6178
  17    6  -10.0263  11.0143   2.0378    18    6  -10.1457  12.5329   2.2561
  19    8    3.8209   1.3368   0.0278    20    6    4.3124  -0.0898   0.0052
  21    8   -4.9025   2.6830  -0.8558    22    6   -4.6687   7.2965   1.7802
  23    6   -3.1917   6.9251   1.5494    24    1   -0.5708  -0.9869   0.0117
  25    1    2.1123  -0.9868   0.0068    26    1    2.1141   3.6551  -0.0367
  27    1   -0.5631   3.6545  -0.0392    28    1   -2.7695   0.9113  -0.8646
  29    1   -2.0510   3.3006   1.0509    30    1   -4.4935   2.7527   1.2852
  31    1   -5.9138   4.7905   1.6572    32    1   -6.2728   4.8155  -0.1693
  33    1   -5.2495   7.1388  -0.3361    34    1   -7.3433   6.7453   1.9740
  35    1   -7.7229   6.8240   0.1539    36    1   -6.7626   9.1905   0.0697
  37    1   -6.3407   9.0671   1.8794    38    1   -8.7801   8.6335   2.4256
  39    1   -9.2192   8.7978   0.6252    40    1   -8.3309  11.1804   0.6382
  41    1   -7.8673  10.9904   2.4345    42    1  -10.2775  10.4733   3.0093
  43    1  -10.7500  10.6882   1.2197    44    1   -9.8931  13.0752   1.2858
  45    1   -9.4185  12.8521   3.0738    46    1  -11.2113  12.7879   2.5711
  47    1    5.4518  -0.0986   0.0336    48    1    3.9494  -0.5994  -0.9476
  49    1    3.9026  -0.6453   0.9122    50    1   -5.0092   6.8936   2.7907
  51    1   -4.7635   8.4328   1.7795    52    1   -2.8529   7.3186   0.5345
  53    1   -3.0632   5.7935   1.5828    54    1   -2.5550   7.3958   2.3695


 <>    Molecular point group : C1  




 <>    AM1 parameters taken from : 

   H  : M.J.S. Dewar et.al., J. Am. Chem. Soc., 107, 3902 (1985).                       
   C  : M.J.S. Dewar et.al., J. Am. Chem. Soc., 107, 3902 (1985).                       
   O  : M.J.S. Dewar et.al., J. Am. Chem. Soc., 107, 3902 (1985).                       


 <>      There are   64 doubly filled levels

         and    1 singly occupied levels

============================================

  The current system is an open-shell system. For such systems, use
  of the unrestricted Hartre-Fock (UHF) method may be more appropriate.
  Please consult the VAMP Online Help for further details.

============================================

  SCF criterion =  0.000000500

 EF Geometry Optimization - Hessian partly calculated ( 125 variables)

 <> .........!.........!.........!.........!.........!
 <> .........!.........!.........!.........!.........!
 <> .........!.........!..... 

  Time to calculate QM Hessian:      3.861


 Cycle.Time. Time left . Gradient .  Heat  .     . NIMAG . Lowest
  No. .    .           .   Norm   .        .     .       . Eigenvalues

    1    9.0  863991.0    74.160   103.247          77 ************************
    2    5.0  863986.0   368.639    83.171           0     0.2029461.2430818.04
    3    5.0  863980.9    87.037   137.345           0    74.8118573.4529880.28
    4    5.0  863975.9   374.701    80.849           0    59.0627393.0630127.15
    5    4.9  863971.0   890.817   100.606           0    59.0627393.0630127.15
    6    5.0  863966.0  2036.085   149.961           0    87.4129560.0230916.14
    7    5.0  863961.0   304.444   107.284           0    85.3729520.5030873.87
    8    4.9  863956.1   541.220    87.014           0    85.3729520.5030873.87
    9    5.0  863951.1   819.195    80.904           0    85.3729520.5030873.87
   10    5.3  863945.8   277.198    82.519           0    93.3429125.3830540.35
   11    5.2  863940.6   134.122    79.141           0    83.3029277.1230641.82
   12    4.9  863935.7   131.912    79.042           0    86.9513299.1429713.08
   13    5.0  863930.7   343.459    86.395           0    86.9513299.1429713.08
   14    5.0  863925.7   643.740   120.203           0    86.9513299.1429713.08


 IIS converger is now forced on


   15    5.9  863919.9   105.415   172.084           0   111.3912676.5429699.90
   16    5.0  863914.8   981.018   158.006           0    36.7229539.4630890.33
   17    4.9  863909.9   447.263   109.557           0    23.3829509.7930859.95
   18    4.9  863905.0   627.629    83.654           0    27.1529461.4430813.82
   19    5.0  863900.0   229.391   123.029           0   118.3629291.3730653.30
   20    5.1  863894.9   969.838    84.769           0    23.3029511.0330859.34
   21    5.2  863889.7   793.139    97.144           0    74.2429510.1630858.33
   22    5.0  863884.6   828.530   101.163           0    74.2429510.1630858.33
   23    4.9  863879.7   749.413   105.030           0    82.5224263.1329556.64
   24    5.0  863874.7   795.906   109.143           0    82.5224263.1329556.64
   25    5.1  863869.7   705.637   113.984           0    83.59 3311.4629527.23
   26    5.0  863864.7    72.710   122.257           0    83.51 3776.2129526.47
   27    4.9  863859.7   828.122   101.463           0    83.51 3776.2129526.47
   28    4.9  863854.8   214.538    89.029           0    83.48 2907.9029526.73
   29    5.0  863849.8   654.292    81.653           0    83.48 2907.9029526.73
   30    4.9  863844.9    86.046    73.979           0    83.50 2624.3329527.02
   31    5.0  863839.9   378.003    72.771           0    83.50 2624.3329527.02
   32    5.0  863834.9    21.283    69.331           0    83.50 2713.5329527.45
   33    5.0  863829.9   229.801    69.239           0    83.50 2713.5329527.45
   34    5.1  863824.8    99.269    70.974           0    83.50 3883.3029525.07
   35    4.9  863819.9    34.075    70.268           0    83.51 2688.9729521.04
   36    4.9  863815.0   185.325    69.819           0    83.5117014.3229501.54
   37    5.0  863810.0   104.233    70.066           0    83.5124674.0829466.62
   38    5.1  863804.9    19.776    69.822           0    83.5123416.4229663.72
   39    5.0  863799.9    35.774    69.675           0    83.5123416.4229663.72
   40    5.1  863794.7    18.911    69.582           0    83.5122025.8129978.29
   41    4.9  863789.8    40.599    69.348           0    83.5122025.8129978.29
   42    4.9  863784.9    63.234    69.004           0    83.5122025.8129978.29
   43    5.2  863779.7    77.424    68.581           0    83.5122025.8129978.29
   44    5.4  863774.3    84.938    68.111           0    83.5122025.8129978.29
   45    6.0  863768.4    87.685    67.618           0    83.5122025.8129978.29
   46    5.7  863762.7    87.889    67.118           0    83.5122025.8129978.29
   47    5.4  863757.3    86.772    66.618           0    83.40  347.7128569.53
   48    5.4  863751.9   680.445    34.139           0    83.40  347.7128569.53
   49    5.8  863746.1   591.736     9.950           0    83.37  353.5028455.88
   50    5.4  863740.7   469.473    -4.911           0    83.43  509.2428373.83
   51    6.5  863734.1   525.363    -9.158           0    83.43  509.2428373.83
   52   10.6  863723.5   484.674    -0.844           0    83.16  184.6728268.01
   53    6.4  863717.2   451.150    21.930           0    83.08  160.1628124.81
   54    5.2  863712.0   394.200    60.704           0    83.34  264.8027976.87
   55    5.3  863706.7   326.028   116.716           0    83.36  320.3827867.65
   56    6.1  863700.6   266.367   190.796           0    83.29  296.4127757.71
   57    6.8  863693.8   236.537   283.455           0    82.80  182.7027629.24
   58    6.7  863687.1   345.309   397.027           0    82.80  182.7027629.24
   59    5.2  863681.9   414.974   537.776           0    82.80  182.7027629.24
   60   10.9  863671.0   486.235   701.406           0    82.80  182.7027629.24
   61    9.5  863661.5   560.313   892.571           0    82.80  182.7027629.24
   62   17.7  863643.8   755.277  1114.124           0    82.80  182.7027629.24
   63   15.7  863628.0   703.113  1363.200           0    83.24  310.9427039.01
   64   17.7  863610.4   544.209  1622.539           0    83.31  859.3126626.44
   65    7.2  863603.1   477.954  1866.915           0    83.08  484.1626074.93
   66    4.4  863598.7   445.089  2096.903           0    83.06  346.1525495.22
   67    4.2  863594.5   400.267  2302.414           0    83.21  531.5724799.58
   68    4.2  863590.3   370.824  2410.321           0    81.90  524.5922400.46
   69    4.2  863586.1   354.382  2351.071           0    72.77 2157.98 8103.91
   70    4.3  863581.8   299.512  2078.792           0    73.35 1483.45 2457.31
   71    4.2  863577.6   179.301  1407.335           0    83.57  720.67 2484.75
   72    4.3  863573.3   107.805   904.530           0    84.77  354.22 2645.14
   73    4.2  863569.1    93.578   674.065           0    81.34  404.47 2948.32
   74    4.2  863564.9    97.931   619.934           0     2.03  256.7225672.75
   75    4.0  863560.9   132.966   564.077           0    59.46  234.5125984.92
   76    4.0  863556.8   205.144   557.180           0    24.79  210.1726110.39
   77    4.1  863552.8   430.121   541.265           0    26.88  153.9825307.21
   78    4.3  863548.5   381.063   544.041           0    39.40  101.8624210.71
   79    4.0  863544.4  1872.160   531.878           0    58.72  117.8223892.99
   80    4.0  863540.4   694.542   514.516           0    58.20  107.4624046.28
   81    4.0  863536.4   115.632   510.558           0    56.34  113.5523255.18
   82    4.0  863532.4   869.390   506.852           0    56.34  113.5523255.18
   83    4.0  863528.5   129.289   507.086           0    56.71  131.6921807.69
   84    4.1  863524.4   174.685   501.964           0    56.71  131.6921807.69
   85    4.0  863520.4   191.456   497.393           0    56.65   98.0214887.81
   86    4.0  863516.5   275.247   488.621           0    15.72   57.08 5538.51
   87    4.0  863512.4  1010.936   442.934           0    15.72   57.08 5538.51
   88    4.1  863508.3   933.849   408.131           0    15.72   57.08 5538.51
   89    4.0  863504.3   685.891   385.350           0    12.37   56.82 4960.04
   90    4.0  863500.3   324.896   378.528           0    44.92   83.02 4837.91
   91    4.0  863496.3   522.229   371.010           0    36.68   71.82 4458.90
   92    4.1  863492.2   837.621   364.816           0    36.68   71.82 4458.90
   93    4.0  863488.2  1457.900   371.229           0    36.68   71.82 4458.90
   94    4.0  863484.2  3355.005   383.369           0    36.68   71.82 4458.90
   95    4.0  863480.1  1000.465   409.810           0    46.50   88.60 4728.05
   96    4.0  863476.1  1710.539   392.780           0    41.38   58.93 3598.80
   97    4.0  863472.1  2956.076   363.285           0    41.38   58.93 3598.80
   98    4.0  863468.1  2703.704   349.920           0     1.72   61.03 2909.88
   99    4.0  863464.1   591.027   325.860           0    13.54   61.23 2673.44
  100    4.0  863460.1  1227.928   310.570           0    13.54   61.23 2673.44
  101    4.0  863456.1    53.992   317.455           0    25.39   60.68 2250.15
  102    4.0  863452.1  3632.061   290.360           0     4.97   61.97 3020.68
  103    4.0  863448.1  3490.952   288.122           0    26.28   95.33 3106.61
  104    4.1  863444.0    36.650   275.082           0    24.62   93.48 2957.75
  105    4.1  863439.9  3161.689   256.547           0     1.12   92.25 2220.75
  106    4.1  863435.8   400.911   241.882           0    14.61  108.64 1603.71
  107    4.5  863431.3   146.576   224.334           0    48.92   87.38  359.69
  108    5.2  863426.1   480.252   171.032           0    47.52   76.51  163.88
  109    5.9  863420.2   264.273   122.784           0    50.25   79.02  125.41
  110    4.2  863416.0   446.160   114.223           0    49.41   77.38  111.42
  111    4.0  863412.0   343.630   111.418           0    53.37   70.73  123.39
  112    4.0  863408.0   650.127   111.257           0    47.17   69.72  170.28
  113    4.0  863404.0   291.653   111.644           0    68.79  118.09  166.12
  114    4.1  863399.9   479.872   110.856           0    34.28   70.79  223.53
  115    4.0  863395.8   347.624   109.901           0    66.21   71.60  219.24
  116    4.1  863391.7   514.003   107.982           0    46.94   68.92  151.37
  117    4.0  863387.7  2171.915   114.921           0    29.02   70.96  285.74
  118    4.0  863383.7  2848.245   119.340           0    12.17   71.72  601.97
  119    4.0  863379.7   323.185   181.172           0    66.98  143.05  636.50
  120    4.0  863375.7   497.856   114.530           0    58.06   97.70  624.45
  121    4.0  863371.7   365.508    98.016           0    69.11   84.99  634.64
  122    4.0  863367.7   313.855    95.872           0     1.21   88.49  952.36
  123    3.9  863363.8   598.820   114.164           0    57.60   86.58  948.35
  124    4.1  863359.7   448.150    90.051           0    45.87   84.25  948.37
  125    4.0  863355.7   480.281    87.576           0    62.06   85.85  936.21
  126    4.0  863351.7   413.513    84.195           0    71.70   78.35  190.04
  127    4.0  863347.7   176.390    34.976           0    78.00   80.42  164.26
  128    4.0  863343.7    50.112    18.805           0    44.90   91.10   98.18
  129    4.0  863339.7    16.488     5.978           0    44.67   91.44  104.66
  130    4.0  863335.7    15.084     4.449           0    40.05   93.88  101.08
  131    4.0  863331.7    25.933    -0.002           0    37.19   97.64  106.93
  132    4.0  863327.7    83.349    -1.606           0    34.45   96.17  113.60
  133    4.1  863323.7    70.100    -2.060           0    40.66   82.48   98.73
  134    4.0  863319.7    24.516    -2.241           0    27.12   95.51  104.83
  135    4.0  863315.7    19.184    -2.413           0    31.68   96.51  110.17
  136    4.1  863311.7    16.521    -2.582           0    42.59   96.73  108.75
  137    4.0  863307.7    16.213    -4.584           0    48.52   96.31  108.97
  138    4.0  863303.7    63.685    -8.672           0    62.11   93.32  112.53
  139    4.0  863299.7   155.640   -17.303           0    64.70   76.31  107.03
  140    4.0  863295.7   414.089   -30.347           0    32.96   84.47  103.12
  141    4.0  863291.7   518.924   -38.102           0    31.36   87.47  101.29
  142    4.0  863287.8   261.033   -39.402           0    53.15   83.60  101.94
  143    4.0  863283.7   319.057   -40.048           0    37.42   89.99  100.96
  144    4.0  863279.8   142.887   -39.939           0    74.86   89.40  102.65
  145    4.0  863275.8   182.118   -40.129           0    35.33   97.87  101.07
  146    4.0  863271.8   107.597   -40.195           0    65.02  101.06  103.31
  147    4.0  863267.8    18.087   -40.326           0    64.11  100.08  121.35
  148    4.0  863263.8   145.979   -40.441           0    85.03   93.87  117.20
  149    4.0  863259.8   241.505   -40.944           0    39.28   91.13  110.99
  150    4.4  863255.4   468.554   -42.583           0    28.98   91.64  112.28
  151    5.4  863249.9   670.408   -43.319           0    23.39   91.76  109.80
  152    5.0  863244.9   663.007   -44.747           0    68.11   91.83  109.49
  153    5.1  863239.8   495.993   -50.458           0    66.15   91.31  116.12
  154    5.1  863234.7    78.575   -56.436           0    79.47   91.83  123.94
  155    5.0  863229.6   251.381   -61.353           0    75.79   96.80  109.44
  156    5.2  863224.5   105.138   -62.425           0    61.57   94.71  102.44
  157    5.1  863219.4     8.218   -62.535           0    52.17   95.23  102.54
  158    5.0  863214.4   213.430   -62.544           0    49.45   86.47  102.55
  159    5.0  863209.5   237.744   -62.514           0    51.08   88.61  102.86
  160    5.1  863204.3   128.319   -62.398           0    68.35   93.06  102.31
  161    5.0  863199.3   197.954   -62.483           0    36.40   80.86  101.55
  162    5.0  863194.3   242.399   -62.513           0    69.30   91.83  105.40
  163    5.1  863189.3   194.394   -62.724           0    51.05   78.71  101.49
  164    5.0  863184.2   162.158   -62.662           0    74.58   93.97  104.44
  165    5.0  863179.3   169.013   -62.722           0    15.78   81.75  101.60
  166    5.0  863174.3   147.764   -61.253           0    66.21   95.23  104.68
  167    5.0  863169.3   182.336   -63.135           0    70.51   89.59  103.53
  168    5.0  863164.3   186.872   -63.283           0    60.81   95.16  102.53
  169    4.9  863159.4   243.361   -64.133           0    83.01   87.19  105.17
  170    5.0  863154.4   244.193   -65.688           0    54.84   88.28  106.33
  171    5.0  863149.4    74.678   -69.437           0    49.14   88.12  106.32
  172    5.0  863144.3   247.873   -71.781           0    59.41   85.44  100.10
  173    5.4  863139.0   206.426   -73.957           0    34.37   73.71  101.62
  174    5.1  863133.9   131.387   -75.613           0    18.10   70.68  102.05
  175    5.1  863128.8    17.129   -76.305           0    17.23   72.74  102.11
  176    5.2  863123.6   167.330   -76.377           0    12.44   52.97  100.82
  177    5.0  863118.6   213.934   -75.862           0    16.49   69.00  101.73
  178    5.3  863113.3   230.835   -76.273           0    16.49   69.00  101.73
  179    5.2  863108.1    68.245   -75.765           0    21.96   74.72  101.72
  180    5.1  863103.0    87.389   -76.250           0    21.96   74.72  101.72
  181    5.2  863097.8    10.060   -76.453           0    22.75   76.12  101.72
  182    5.2  863092.6    32.740   -76.490           0    22.75   76.12  101.72
  183    5.2  863087.4    34.676   -76.513           0    23.50   78.35  101.68
  184    5.3  863082.1     9.858   -76.535           0    35.33   82.77  102.10
  185    5.1  863077.0   167.252   -76.788           0    18.01   96.35  100.68
  186    5.2  863071.8   213.009   -76.362           0    34.66   96.00  101.17
  187    5.2  863066.6   261.855   -77.275           0     5.40   96.04  101.65
  188    5.2  863061.4  2012.464   -57.113           0    90.55  101.62  131.21
  189    5.2  863056.2   270.672   -77.609           0    89.83  101.62  132.16
  190    5.2  863051.0   163.432   -77.693           0    85.31  101.59  132.24
  191    5.2  863045.8    33.873   -77.806           0    67.38  101.49  132.23
  192    5.1  863040.7     5.132   -78.208           0    64.88  101.34  128.34
  193    5.2  863035.5   131.101   -78.789           0    73.85  100.53  107.83
  194    5.2  863030.2   275.285   -79.343           0    41.14   88.64  101.69
  195    5.1  863025.1   237.059   -80.740           0    27.48   88.44  102.60
  196    5.3  863019.8   119.138   -81.802           0    11.96   88.24  102.77
  197    5.1  863014.7    17.140   -82.781           0    18.10   87.98  102.77
  198    5.2  863009.5   225.705   -83.343           0    29.30   81.39   92.06
  199    5.2  863004.2   314.649   -83.355           0    19.29   88.81  103.17
  200    5.3  862998.9   183.985   -82.961           0    29.74   85.59  102.78
  201    5.2  862993.8   238.091   -83.159           0    13.70   89.71  101.86
  202    5.2  862988.6   150.804   -79.932           0    47.76   98.74  103.13
  203    5.2  862983.4   235.547   -83.565           0    43.67   96.55  102.89
  204    5.2  862978.2   238.109   -83.490           0    51.02   94.73  104.44
  205    5.2  862973.0    76.138   -83.478           0    34.48   98.81  101.42
  206    5.3  862967.7    77.835   -83.552           0    31.25   99.92  102.89
  207    5.2  862962.5    79.944   -83.622           0    38.38   99.58  104.42
  208    5.2  862957.3    89.335   -83.793           0    33.27   86.45  103.87
  209    5.1  862952.2   116.415   -83.994           0    33.98   70.04  103.33
  210    5.2  862947.0    33.101   -84.038           0    44.82   66.33  101.91
  211    5.5  862941.5    87.116   -84.159           0    16.94   92.82  103.46
  212    5.3  862936.2   164.258   -84.029           0    30.84   90.49  103.74
  213    5.1  862931.1    94.958   -84.264           0     4.68   96.19  103.19
  214    5.2  862926.0   104.070   -75.801           0    37.44   98.68  104.91
  215    5.1  862920.9   156.024   -84.522           0    33.96   98.29  104.64
  216    5.1  862915.7   140.379   -84.586           0    41.81   98.16  104.74
  217    5.1  862910.6    71.768   -84.735           0    59.05   97.63  105.22
  218    5.2  862905.4   111.124   -86.031           0    47.90   68.39  101.40
  219    5.5  862899.9   169.972   -86.677           0    39.35   73.04  101.39
  220    5.3  862894.6    87.644   -86.990           0    38.82   79.29  101.10
  221    5.2  862889.4   158.361   -88.240           0    43.44   78.89   99.76
  222    5.2  862884.3   270.394   -89.027           0    52.17   57.91   87.76
  223    5.3  862878.9   184.535   -89.041           0    48.77   78.27   84.55
  224    5.6  862873.4    71.619   -89.134           0    14.11   72.22  101.64
  225    5.5  862867.9   221.437   -88.177           0    55.97   73.49  101.67
  226    5.2  862862.7   224.875   -89.176           0    34.78   72.07  101.62
  227    5.1  862857.6   145.465   -88.969           0    68.38   81.01  102.30
  228    5.1  862852.4   138.597   -89.189           0    12.51   72.05  101.84
  229    5.2  862847.3   311.573   -86.234           0    54.33   72.16  101.87
  230    5.2  862842.1   216.492   -89.156           0    28.68   72.02  101.83
  231    5.2  862836.8   133.283   -88.038           0    70.75   76.79  103.14
  232    5.2  862831.6   169.552   -89.189           0    35.86   71.96  102.66
  233    5.1  862826.5   224.047   -88.710           0    57.95   71.92  102.76
  234    5.1  862821.3   206.917   -89.130           0    57.95   71.92  102.76
  235    5.3  862816.0   183.710   -89.166           0    67.40   71.95  103.01
  236    5.3  862810.7    67.587   -89.229           0    67.40   71.95  103.01
  237    5.1  862805.6   151.134   -89.287           0    38.03   71.87  102.57
  238    5.1  862800.5   159.906   -89.168           0    54.00   72.06  102.74
  239    5.1  862795.4    57.269   -89.214           0     4.49   73.24  102.12
  240    5.1  862790.3    67.043   -60.696           0    63.55   80.14  104.12
  241    5.1  862785.2   178.046   -89.541           0    62.49   78.86  104.45
  242    5.8  862779.3   230.854   -89.553           0    67.74   97.11  105.94
  243    6.3  862773.1    95.182   -89.583           0    66.59   87.82  104.11
  244    7.3  862765.8    94.563   -89.627           0    69.57   90.72  103.41
  245    6.0  862759.7   116.482   -89.697           0    60.58   86.85  106.56
  246    6.0  862753.8    63.779   -89.799           0    29.89   77.21  105.31
  247    5.8  862748.0    76.800   -90.006           0    37.51   76.93  105.34
  248    5.4  862742.5    41.336   -90.090           0    37.51   76.93  105.34
  249    5.5  862737.0    50.186   -90.201           0    48.43   72.55  105.41
  250    6.0  862730.9     7.725   -90.422           0    48.43   72.55  105.41
  251    6.4  862724.6    31.477   -90.637           0    23.78   67.36  103.71
  252    6.4  862718.2    43.755   -91.593           0     5.72   66.74  101.50
  253    7.3  862710.9    18.487   -91.966           0     6.55   66.65  100.53
  254    6.3  862704.6    84.198   -92.471           0     6.55   66.65  100.53
  255    5.7  862699.0    16.667   -91.767           0    11.38   65.23   98.36
  256    5.6  862693.3    70.884   -92.794           0     4.08   66.62  101.82
  257    5.7  862687.6    19.641   -92.622           0     5.08   66.64  101.81
  258    5.7  862681.9     4.541   -92.896           0     5.08   66.64  101.81
  259    6.1  862675.8    10.529   -92.156           0    10.20   66.45  101.42
  260    5.7  862670.1    48.967   -93.007           0     4.54   66.34  102.21
  261    5.9  862664.2     4.911   -92.734           0     6.43   66.32  102.20
  262    6.9  862657.3     6.379   -92.991           0     6.43   66.32  102.20
